<?xml version="1.0" encoding="UTF-8"?>
<!-- Generated by org.testng.reporters.JUnitReportReporter -->
<testsuite hostname="MANHW-7Q6P2Z2" failures="0" tests="1" name="NewTest" time="0.005" errors="0" timestamp="2022-06-01T01:02:22 IST" skipped="0">
  <testcase classname="NewTest" name="f" time="0.005"/>
  <system-out/>
</testsuite> <!-- NewTest -->
