<?xml version="1.0" encoding="UTF-8"?>
<!-- Generated by org.testng.reporters.JUnitReportReporter -->
<testsuite hostname="MANHW-7Q6P2Z2" failures="0" tests="1" name="testCases.HomePage" time="8.282" errors="0" timestamp="2022-06-01T10:22:25 IST" skipped="0">
  <testcase classname="testCases.HomePage" name="baseNavigationPage" time="8.282"/>
  <system-out/>
</testsuite> <!-- testCases.HomePage -->
