<?xml version="1.0" encoding="UTF-8"?>
<!-- Generated by org.testng.reporters.JUnitReportReporter -->
<testsuite hostname="MANHW-J0L6N13" failures="0" tests="1" name="testCases.NavigationBarTest" time="0.122" errors="0" timestamp="10 Jun 2022 19:33:32 GMT" skipped="0">
  <testcase classname="testCases.NavigationBarTest" name="validateNavBar" time="0.122"/>
</testsuite> <!-- testCases.NavigationBarTest -->
