<?xml version="1.0" encoding="UTF-8"?>
<!-- Generated by org.testng.reporters.JUnitReportReporter -->
<testsuite hostname="MANHW-7Q6P2Z2" failures="0" tests="1" name="testCases.ValidateTitleTest" time="0.111" errors="0" timestamp="2022-06-05T15:08:21 IST" skipped="0">
  <testcase classname="testCases.ValidateTitleTest" name="validateTitle" time="0.111"/>
  <system-out/>
</testsuite> <!-- testCases.ValidateTitleTest -->
