<?xml version="1.0" encoding="UTF-8"?>
<!-- Generated by org.testng.reporters.JUnitReportReporter -->
<testsuite hostname="MANHW-J0L6N13" failures="0" tests="1" name="testCases.ValidateTitleTest" time="0.115" errors="0" timestamp="10 Jun 2022 19:33:32 GMT" skipped="0">
  <testcase classname="testCases.ValidateTitleTest" name="validateTitle" time="0.115"/>
</testsuite> <!-- testCases.ValidateTitleTest -->
