<?xml version="1.0" encoding="UTF-8"?>
<!-- Generated by org.testng.reporters.JUnitReportReporter -->
<testsuite hostname="MANHW-7Q6P2Z2" failures="0" tests="1" name="testCases.NavigationBarTest" time="0.116" errors="0" timestamp="2022-06-05T15:08:21 IST" skipped="0">
  <testcase classname="testCases.NavigationBarTest" name="validateNavBar" time="0.116"/>
  <system-out/>
</testsuite> <!-- testCases.NavigationBarTest -->
